<?xml version="1.0" encoding="UTF-8"?>
<testng-results skipped="0" failed="0" ignored="0" total="1" passed="1">
  <reporter-output>
  </reporter-output>
  <suite name="Default suite" duration-ms="37894" started-at="2021-06-05T16:09:53Z" finished-at="2021-06-05T16:10:30Z">
    <groups>
    </groups>
    <test name="Default test" duration-ms="37894" started-at="2021-06-05T16:09:53Z" finished-at="2021-06-05T16:10:30Z">
      <class name="JenkinsClassProject.TestPages">
        <test-method status="PASS" signature="TestCaseWithoutPOM()[pri:0, instance:JenkinsClassProject.TestPages@120d6fe6]" name="TestCaseWithoutPOM" duration-ms="37709" started-at="2021-06-05T16:09:53Z" finished-at="2021-06-05T16:10:30Z">
          <reporter-output>
          </reporter-output>
        </test-method> <!-- TestCaseWithoutPOM -->
      </class> <!-- JenkinsClassProject.TestPages -->
    </test> <!-- Default test -->
  </suite> <!-- Default suite -->
</testng-results>
